2024-01-05 12:38:22,627 DEBUG Horse: - Создание Horse, имя [Bucephalus], скорость [2.4]
2024-01-05 12:38:22,643 DEBUG Horse: - Создание Horse, имя [Ace of Spades], скорость [2.5]
2024-01-05 12:38:22,643 DEBUG Horse: - Создание Horse, имя [Zephyr], скорость [2.6]
2024-01-05 12:38:22,644 DEBUG Horse: - Создание Horse, имя [Blaze], скорость [2.7]
2024-01-05 12:38:22,644 DEBUG Horse: - Создание Horse, имя [Lobster], скорость [2.8]
2024-01-05 12:38:22,645 DEBUG Horse: - Создание Horse, имя [Pegasus], скорость [2.9]
2024-01-05 12:38:22,645 DEBUG Horse: - Создание Horse, имя [Cherry], скорость [3.0]
2024-01-05 12:38:22,695 DEBUG Hippodrome: - Создание Hippodrome, лошадей [7]
2024-01-05 12:38:22,695 INFO Main: - Начало скачек. Количество участников: 7
2024-01-05 12:38:43,389 INFO Main: - Окончание скачек. Победитель: Cherry

2024-01-05 13:06:31,139 DEBUG Horse: - Создание Horse, имя [Bucephalus], скорость [2.4]
2024-01-05 13:06:31,144 DEBUG Horse: - Создание Horse, имя [Ace of Spades], скорость [2.5]
2024-01-05 13:06:31,144 DEBUG Horse: - Создание Horse, имя [Zephyr], скорость [2.6]
2024-01-05 13:06:31,145 DEBUG Horse: - Создание Horse, имя [Blaze], скорость [2.7]
2024-01-05 13:06:31,145 DEBUG Horse: - Создание Horse, имя [Lobster], скорость [2.8]
2024-01-05 13:06:31,146 DEBUG Horse: - Создание Horse, имя [Pegasus], скорость [2.9]
2024-01-05 13:06:31,146 DEBUG Horse: - Создание Horse, имя [Cherry], скорость [3.0]
2024-01-05 13:06:31,148 DEBUG Hippodrome: - Создание Hippodrome, лошадей [7]
2024-01-05 13:06:31,148 INFO Main: - Начало скачек. Количество участников: 7
2024-01-05 13:06:51,690 INFO Main: - Окончание скачек. Победитель: Pegasus
