2024-01-04 18:51:47,527 DEBUG Horse: - Создание Horse, имя [Bucephalus], скорость [2.4]
2024-01-04 18:51:47,533 DEBUG Horse: - Создание Horse, имя [Ace of Spades], скорость [2.5]
2024-01-04 18:51:47,533 DEBUG Horse: - Создание Horse, имя [Zephyr], скорость [2.6]
2024-01-04 18:51:47,534 DEBUG Horse: - Создание Horse, имя [Blaze], скорость [2.7]
2024-01-04 18:51:47,534 DEBUG Horse: - Создание Horse, имя [Lobster], скорость [2.8]
2024-01-04 18:51:47,535 DEBUG Horse: - Создание Horse, имя [Pegasus], скорость [2.9]
2024-01-04 18:51:47,535 DEBUG Horse: - Создание Horse, имя [Cherry], скорость [3.0]
2024-01-04 18:51:47,542 DEBUG Hippodrome: - Создание Hippodrome, лошадей [7]
2024-01-04 18:51:47,543 INFO Main: - Начало скачек. Количество участников: 7
2024-01-04 18:52:08,317 INFO Main: - Окончание скачек. Победитель: Cherry

2024-01-04 19:57:36,403 DEBUG Horse: - Создание Horse, имя [Bucephalus], скорость [2.4]
2024-01-04 19:57:36,434 DEBUG Horse: - Создание Horse, имя [Ace of Spades], скорость [2.5]
2024-01-04 19:57:36,435 DEBUG Horse: - Создание Horse, имя [Zephyr], скорость [2.6]
2024-01-04 19:57:36,435 DEBUG Horse: - Создание Horse, имя [Blaze], скорость [2.7]
2024-01-04 19:57:36,436 DEBUG Horse: - Создание Horse, имя [Lobster], скорость [2.8]
2024-01-04 19:57:36,437 DEBUG Horse: - Создание Horse, имя [Pegasus], скорость [2.9]
2024-01-04 19:57:36,443 DEBUG Horse: - Создание Horse, имя [Cherry], скорость [3.0]
2024-01-04 19:57:36,592 DEBUG Hippodrome: - Создание Hippodrome, лошадей [7]
2024-01-04 19:57:36,592 INFO Main: - Начало скачек. Количество участников: 7
2024-01-04 19:57:57,467 INFO Main: - Окончание скачек. Победитель: Lobster
